#
# There is insufficient memory for the Java Runtime Environment to continue.
# Native memory allocation (mmap) failed to map 130023424 bytes. Error detail: G1 virtual space
# Possible reasons:
#   The system is out of physical RAM or swap space
#   This process is running with CompressedOops enabled, and the Java Heap may be blocking the growth of the native heap
# Possible solutions:
#   Reduce memory load on the system
#   Increase physical memory or swap space
#   Check if swap backing store is full
#   Decrease Java heap size (-Xmx/-Xms)
#   Decrease number of Java threads
#   Decrease Java thread stack sizes (-Xss)
#   Set larger code cache with -XX:ReservedCodeCacheSize=
#   JVM is running with Unscaled Compressed Oops mode in which the Java heap is
#     placed in the first 4GB address space. The Java Heap base address is the
#     maximum limit for the native heap growth. Please use -XX:HeapBaseMinAddress
#     to set the Java Heap base and to place the Java Heap above 4GB virtual address.
# This output file may be truncated or incomplete.
#
#  Out of Memory Error (os_windows.cpp:3554), pid=29808, tid=22180
#
# JRE version:  (25.0.1+8) (build )
# Java VM: OpenJDK 64-Bit Server VM (25.0.1+8-LTS, mixed mode, sharing, tiered, compressed oops, compressed class ptrs, g1 gc, windows-amd64)
# No core dump will be written. Minidumps are not enabled by default on client versions of Windows
#

---------------  S U M M A R Y ------------

Command Line: -Dfile.encoding=UTF-8 --module-path=C:\Users\juans\Documents\NetBeansProjects\Skyline_Tickets\build\classes skyline_tickets.view.UsaVistaPrin

Host: 12th Gen Intel(R) Core(TM) i5-12450HX, 12 cores, 7G,  Windows 11 , 64 bit Build 26100 (10.0.26100.8521)
Time: Sat Jun 20 22:06:10 2026 Hora est. Pac璗ico, Sudam廨ica elapsed time: 1.324505 seconds (0d 0h 0m 1s)

---------------  T H R E A D  ---------------

Current thread (0x000002d956f4fd30):  JavaThread "Unknown thread" [_thread_in_vm, id=22180, stack(0x000000fd93a00000,0x000000fd93b00000) (1024K)]

Stack: [0x000000fd93a00000,0x000000fd93b00000]
Native frames: (J=compiled Java code, j=interpreted, Vv=VM code, C=native code)
V  [jvm.dll+0x7a8379]  (no source info available)
V  [jvm.dll+0x7729fd]  (no source info available)
V  [jvm.dll+0x9f57b3]  (no source info available)
V  [jvm.dll+0x9f7da1]  (no source info available)
V  [jvm.dll+0x9f84a3]  (no source info available)
V  [jvm.dll+0x2fcd26]  (no source info available)
V  [jvm.dll+0x7a45a5]  (no source info available)
V  [jvm.dll+0x797a07]  (no source info available)
V  [jvm.dll+0x3f4cb8]  (no source info available)
V  [jvm.dll+0x3fcbf6]  (no source info available)
V  [jvm.dll+0x3e938e]  (no source info available)
V  [jvm.dll+0x3e9648]  (no source info available)
V  [jvm.dll+0x3c0b15]  (no source info available)
V  [jvm.dll+0x3c179e]  (no source info available)
V  [jvm.dll+0x9bbc74]  (no source info available)
V  [jvm.dll+0x459892]  (no source info available)
V  [jvm.dll+0x99faa2]  (no source info available)
V  [jvm.dll+0x4fa061]  (no source info available)
V  [jvm.dll+0x4fb951]  (no source info available)
C  [jli.dll+0x53fa]  (no source info available)
C  [ucrtbase.dll+0x2cd30]  (no source info available)
C  [KERNEL32.DLL+0x2e957]  (no source info available)
C  [ntdll.dll+0x87c1c]  (no source info available)

Lock stack of current Java thread (top to bottom):


---------------  P R O C E S S  ---------------

Threads class SMR info:
_java_thread_list=0x00007fff578bdf88, length=0, elements={
}

Java Threads: ( => current thread )
Total: 0

Other Threads:
  0x000002d9592e3a20 WorkerThread "GC Thread#0"                     [id=28344, stack(0x000000fd93b00000,0x000000fd93c00000) (1024K)]
  0x000002d9592fdc40 ConcurrentGCThread "G1 Main Marker"            [id=4596, stack(0x000000fd93c00000,0x000000fd93d00000) (1024K)]
  0x000002d9592ff430 WorkerThread "G1 Conc#0"                       [id=30052, stack(0x000000fd93d00000,0x000000fd93e00000) (1024K)]

[error occurred during error reporting (printing all threads), id 0xc0000005, EXCEPTION_ACCESS_VIOLATION (0xc0000005) at pc=0x00007fff56ee538a]
VM state: not at safepoint (not fully initialized)

VM Mutex/Monitor currently owned by a thread:  ([mutex/lock_event])
[0x00007fff579464e8] Heap_lock - owner thread: 0x000002d956f4fd30

Heap address: 0x0000000084400000, size: 1980 MB, Compressed Oops mode: 32-bit

CDS archive(s) mapped at: [0x0000000000000000-0x0000000000000000-0x0000000000000000), size 0, SharedBaseAddress: 0x0000000800000000, ArchiveRelocationMode: 1.
UseCompressedClassPointers 1, UseCompactObjectHeaders 0
Narrow klass pointer bits 32, Max shift 3
Narrow klass base: 0xffffffffffffffff, Narrow klass shift: -1
Encoding Range: [0xffffffffffffffff - 0x000000007fffffff), (2147483648 bytes)
Klass Range:    [0x0000000000000000 - 0x0000000000000000), (0 bytes)
Klass ID Range:  [4294967295 - 0) (1)
No protection zone.

GC Precious Log:
 CardTable entry size: 512
 Card Set container configuration: InlinePtr #cards 5 size 8 Array Of Cards #cards 10 size 36 Howl #buckets 4 coarsen threshold 1843 Howl Bitmap #cards 512 size 80 coarsen threshold 460 Card regions per heap region 1 cards per card region 2048

Heap:
 garbage-first heap   total reserved 2027520K, committed 0K, used 0K [0x0000000084400000, 0x0000000100000000)
  region size 1024K, 0 young (0K), 0 survivors (0K)

Heap Regions: E=young(eden), S=young(survivor), O=old, HS=humongous(starts), HC=humongous(continues), CS=collection set, F=free, TAMS=top-at-mark-start, PB=parsable bottom

Card table byte_map: [0x000002d9716b0000,0x000002d971a90000] _byte_map_base: 0x000002d97128e000

Marking Bits: (CMBitMap*) 0x000002d9592e5fc0
 Bits: [0x000002d971a90000, 0x000002d973980000)

GC Heap Usage History (0 events):
No events

Metaspace Usage History (0 events):
No events

Dll operation events (1 events):
Event: 0.006 Loaded shared library C:\Program Files\Apache NetBeans\jdk\bin\java.dll

Deoptimization events (0 events):
No events

Classes loaded (0 events):
No events

Classes unloaded (0 events):
No events

Classes redefined (0 events):
No events

Internal exceptions (0 events):
No events

VM Operations (0 events):
No events

Memory protections (0 events):
No events

Nmethod flushes (0 events):
No events

Events (0 events):
No events


Dynamic libraries:
0x00007ff77c200000 - 0x00007ff77c20e000 	C:\Program Files\Apache NetBeans\jdk\bin\java.exe
0x00007fffffa40000 - 0x00007fffffca6000 	C:\Windows\SYSTEM32\ntdll.dll
0x00007ffffd980000 - 0x00007ffffda49000 	C:\Windows\System32\KERNEL32.DLL
0x00007ffffcdb0000 - 0x00007ffffd1aa000 	C:\Windows\System32\KERNELBASE.dll
0x00007ffffd270000 - 0x00007ffffd3bc000 	C:\Windows\System32\ucrtbase.dll
0x00007fffd3840000 - 0x00007fffd3856000 	C:\Program Files\Apache NetBeans\jdk\bin\jli.dll
0x00007ffffdf20000 - 0x00007ffffe0e7000 	C:\Windows\System32\USER32.dll
0x00007fffdd9c0000 - 0x00007fffdd9de000 	C:\Program Files\Apache NetBeans\jdk\bin\VCRUNTIME140.dll
0x00007ffffcd80000 - 0x00007ffffcda7000 	C:\Windows\System32\win32u.dll
0x00007ffffdde0000 - 0x00007ffffde0b000 	C:\Windows\System32\GDI32.dll
0x00007ffffd680000 - 0x00007ffffd7ab000 	C:\Windows\System32\gdi32full.dll
0x00007ffffccd0000 - 0x00007ffffcd73000 	C:\Windows\System32\msvcp_win.dll
0x00007fffd2a20000 - 0x00007fffd2cb2000 	C:\Windows\WinSxS\amd64_microsoft.windows.common-controls_6595b64144ccf1df_6.0.26100.8521_none_3e08b75ce33403b3\COMCTL32.dll
0x00007fffff850000 - 0x00007fffff8f9000 	C:\Windows\System32\msvcrt.dll
0x00007ffffded0000 - 0x00007ffffdf02000 	C:\Windows\System32\IMM32.DLL
0x00007fffd3e90000 - 0x00007fffd3e9c000 	C:\Program Files\Apache NetBeans\jdk\bin\vcruntime140_1.dll
0x00007fff666f0000 - 0x00007fff6677d000 	C:\Program Files\Apache NetBeans\jdk\bin\msvcp140.dll
0x00007fff56b10000 - 0x00007fff57a36000 	C:\Program Files\Apache NetBeans\jdk\bin\server\jvm.dll
0x00007ffffe630000 - 0x00007ffffe6e6000 	C:\Windows\System32\ADVAPI32.dll
0x00007ffffd8d0000 - 0x00007ffffd97a000 	C:\Windows\System32\sechost.dll
0x00007ffffe410000 - 0x00007ffffe528000 	C:\Windows\System32\RPCRT4.dll
0x00007ffffdb60000 - 0x00007ffffdbe0000 	C:\Windows\System32\WS2_32.dll
0x00007ffffb880000 - 0x00007ffffb8de000 	C:\Windows\SYSTEM32\POWRPROF.dll
0x00007ffff9820000 - 0x00007ffff9856000 	C:\Windows\SYSTEM32\WINMM.dll
0x00007ffff5bc0000 - 0x00007ffff5bcb000 	C:\Windows\SYSTEM32\VERSION.dll
0x00007ffffb860000 - 0x00007ffffb874000 	C:\Windows\SYSTEM32\UMPDC.dll
0x00007ffffbb40000 - 0x00007ffffbb5b000 	C:\Windows\SYSTEM32\kernel.appcore.dll
0x00007fffd3870000 - 0x00007fffd387a000 	C:\Program Files\Apache NetBeans\jdk\bin\jimage.dll
0x00007ffff9d30000 - 0x00007ffff9f72000 	C:\Windows\SYSTEM32\DBGHELP.DLL
0x00007fffff360000 - 0x00007fffff6e3000 	C:\Windows\System32\combase.dll
0x00007ffffe190000 - 0x00007ffffe269000 	C:\Windows\System32\OLEAUT32.dll
0x00007fffbb210000 - 0x00007fffbb24b000 	C:\Windows\SYSTEM32\dbgcore.DLL
0x00007ffffd3c0000 - 0x00007ffffd468000 	C:\Windows\System32\bcryptPrimitives.dll
0x00007fffd3880000 - 0x00007fffd389e000 	C:\Program Files\Apache NetBeans\jdk\bin\java.dll
0x00007ffffe270000 - 0x00007ffffe408000 	C:\Windows\System32\ole32.dll
0x00007ffffeb80000 - 0x00007fffff304000 	C:\Windows\System32\SHELL32.dll

JVMTI agents: none

dbghelp: loaded successfully - version: 4.0.5 - missing functions: none
symbol engine: initialized successfully - sym options: 0x614 - pdb path: .;C:\Program Files\Apache NetBeans\jdk\bin;C:\Windows\SYSTEM32;C:\Windows\WinSxS\amd64_microsoft.windows.common-controls_6595b64144ccf1df_6.0.26100.8521_none_3e08b75ce33403b3;C:\Program Files\Apache NetBeans\jdk\bin\server

VM Arguments:
jvm_args: -Dfile.encoding=UTF-8 --module-path=C:\Users\juans\Documents\NetBeansProjects\Skyline_Tickets\build\classes 
java_command: skyline_tickets.view.UsaVistaPrin
java_class_path (initial): C:\Users\juans\Desktop\mysql-connector-j-8.0.32.jar;C:\Users\juans\Desktop\itextpdf-5.5.13.2.jar;C:\Users\juans\Documents\NetBeansProjects\Skyline_Tickets\build\classes
Launcher Type: SUN_STANDARD

[Global flags]
     intx CICompilerCount                          = 4                                         {product} {ergonomic}
     uint ConcGCThreads                            = 3                                         {product} {ergonomic}
     uint G1ConcRefinementThreads                  = 10                                        {product} {ergonomic}
   size_t G1HeapRegionSize                         = 1048576                                   {product} {ergonomic}
   size_t InitialHeapSize                          = 130023424                                 {product} {ergonomic}
   size_t MarkStackSize                            = 4194304                                   {product} {ergonomic}
   size_t MarkStackSizeMax                         = 536870912                                 {product} {ergonomic}
   size_t MaxHeapSize                              = 2076180480                                {product} {ergonomic}
   size_t MinHeapDeltaBytes                        = 1048576                                   {product} {ergonomic}
   size_t MinHeapSize                              = 8388608                                   {product} {ergonomic}
    uintx NonNMethodCodeHeapSize                   = 5832704                                {pd product} {ergonomic}
    uintx NonProfiledCodeHeapSize                  = 122945536                              {pd product} {ergonomic}
    uintx ProfiledCodeHeapSize                     = 122880000                              {pd product} {ergonomic}
    uintx ReservedCodeCacheSize                    = 251658240                              {pd product} {ergonomic}
     bool SegmentedCodeCache                       = true                                      {product} {ergonomic}
   size_t SoftMaxHeapSize                          = 2076180480                             {manageable} {ergonomic}
     bool UseCompressedOops                        = true                           {product lp64_product} {ergonomic}
     bool UseG1GC                                  = true                                      {product} {ergonomic}
     bool UseLargePagesIndividualAllocation        = false                                  {pd product} {ergonomic}

Logging:
Log output configuration:
 #0: stdout all=warning uptime,level,tags foldmultilines=false
 #1: stderr all=off uptime,level,tags foldmultilines=false

Release file:
<release file has not been read>
Environment Variables:
PATH=C:\Program Files (x86)\Common Files\Oracle\Java\java8path;C:\Program Files (x86)\Common Files\Oracle\Java\javapath;C:\Windows\system32;C:\Windows;C:\Windows\System32\Wbem;C:\Windows\System32\WindowsPowerShell\v1.0\;C:\Windows\System32\OpenSSH\;C:\Program Files\NVIDIA Corporation\NVIDIA App\NvDLISR;C:\Program Files\Git\cmd;C:\Users\juans\AppData\Local\Microsoft\WindowsApps;C:\Users\juans\AppData\Local\Programs\Microsoft VS Code\bin
USERNAME=juans
OS=Windows_NT
PROCESSOR_IDENTIFIER=Intel64 Family 6 Model 151 Stepping 2, GenuineIntel
TMP=C:\Users\juans\AppData\Local\Temp
TEMP=C:\Users\juans\AppData\Local\Temp




Compilation memory statistics disabled.

Periodic native trim disabled

---------------  S Y S T E M  ---------------

OS:
 Windows 11 , 64 bit Build 26100 (10.0.26100.8521)
OS uptime: 0 days 6:32 hours
Hyper-V role detected

CPU: total 12 (initial active 12) (6 cores per cpu, 2 threads per core) family 6 model 151 stepping 2 microcode 0x3a, cx8, cmov, fxsr, ht, mmx, 3dnowpref, sse, sse2, sse3, ssse3, sse4.1, sse4.2, popcnt, lzcnt, tsc, tscinvbit, avx, avx2, aes, erms, clmul, bmi1, bmi2, adx, sha, fma, vzeroupper, clflush, clflushopt, clwb, hv, serialize, rdtscp, rdpid, fsrm, gfni, f16c, cet_ibt, cet_ss
Processor Information for processor 0
  Max Mhz: 2400, Current Mhz: 2400, Mhz Limit: 2400
Processor Information for processor 1
  Max Mhz: 2400, Current Mhz: 2400, Mhz Limit: 2400
Processor Information for processor 2
  Max Mhz: 2400, Current Mhz: 2400, Mhz Limit: 2400
Processor Information for processor 3
  Max Mhz: 2400, Current Mhz: 2400, Mhz Limit: 2400
Processor Information for processor 4
  Max Mhz: 2400, Current Mhz: 2400, Mhz Limit: 2400
Processor Information for processor 5
  Max Mhz: 2400, Current Mhz: 2400, Mhz Limit: 2400
Processor Information for processor 6
  Max Mhz: 2400, Current Mhz: 2400, Mhz Limit: 2400
Processor Information for processor 7
  Max Mhz: 2400, Current Mhz: 2400, Mhz Limit: 2400
Processor Information for processor 8
  Max Mhz: 2400, Current Mhz: 1500, Mhz Limit: 1800
Processor Information for processor 9
  Max Mhz: 2400, Current Mhz: 1500, Mhz Limit: 1800
Processor Information for processor 10
  Max Mhz: 2400, Current Mhz: 1500, Mhz Limit: 1800
Processor Information for processor 11
  Max Mhz: 2400, Current Mhz: 1800, Mhz Limit: 1800

Memory: 4k page, system-wide physical 7915M (1046M free)
TotalPageFile size 32491M (AvailPageFile size 44M)
current process WorkingSet (physical memory assigned to process): 14M, peak: 14M
current process commit charge ("private bytes"): 65M, peak: 188M

vm_info: OpenJDK 64-Bit Server VM (25.0.1+8-LTS) for windows-amd64 JRE (25.0.1+8-LTS), built on 2025-10-21T00:00:00Z with unknown MS VC++:1942

END.
